MPASM  5.51                   UYGULAMA-60.ASM   11-30-2018  15:59:03         PAGE  1


LOC  OBJECT CODE     LINE SOURCE TEXT
  VALUE

                      00001         LIST P=16F877A
                      00002         #INCLUDE <P16F877A.INC>
                      00001         LIST
                      00002 
                      00003 ;==========================================================================
                      00004 ;  MPASM PIC16F877A processor include
                      00005 ; 
                      00006 ;  (c) Copyright 1999-2013 Microchip Technology, All rights reserved
                      00007 ;==========================================================================
                      00008 
                      00566         LIST
Warning[207]: Found label after column 1. (SAYICI1)
  00000020            00003         SAYICI1 EQU 0X20
Warning[207]: Found label after column 1. (SAYICI2)
  00000021            00004         SAYICI2 EQU 0X21
Warning[207]: Found label after column 1. (LCD_DEGER)
  00000022            00005         LCD_DEGER EQU 0X22
Warning[207]: Found label after column 1. (INDIS1)
  00000023            00006         INDIS1 EQU 0X23
Warning[207]: Found label after column 1. (INDIS2)
  00000024            00007         INDIS2 EQU 0X24
                      00008 
0000                  00009         ORG 0X000
0000   2801           00010         GOTO ANA_METOT
                      00011 
0001                  00012 ANA_METOT
0001   1683 1303      00013         BANKSEL TRISB
Message[302]: Register in operand not in bank 0.  Ensure that bank bits are correct.
0003   0186           00014         CLRF TRISB
0004   1283 1303      00015         BANKSEL PORTB
0006   0186           00016         CLRF PORTB
                      00017 
0007   01A3           00018         CLRF INDIS1
0008   01A4           00019         CLRF INDIS2
                      00020 
0009   2020           00021         CALL SET_DISPLAY
                      00022 
000A                  00023 KONUM1
000A   3085           00024         MOVLW 0X85
000B   2029           00025         CALL KOMUT_YAZ
                      00026         
000C                  00027 ISIM
000C   0823           00028         MOVF INDIS1,W
000D   2045           00029         CALL TABLO1
000E   3A00           00030         XORLW 0X00
000F   1903           00031         BTFSC STATUS,Z
0010   2815           00032         GOTO KONUM2
0011   2037           00033         CALL VERI_YAZ
0012   0AA3           00034         INCF INDIS1,F
0013   280C           00035         GOTO ISIM
                      00036 
0014   0008           00037         RETURN
                      00038 
MPASM  5.51                   UYGULAMA-60.ASM   11-30-2018  15:59:03         PAGE  2


LOC  OBJECT CODE     LINE SOURCE TEXT
  VALUE

0015                  00039 KONUM2
0015   30C5           00040         MOVLW 0XC5
0016   2029           00041         CALL KOMUT_YAZ
                      00042 
0017                  00043 SOYISIM
0017   0824           00044         MOVF INDIS2,W   
0018   204C           00045         CALL TABLO2
0019   3A00           00046         XORLW 0X00
001A   1903           00047         BTFSC STATUS,Z
001B   2853           00048         GOTO DONGU
001C   2037           00049         CALL VERI_YAZ
001D   0AA4           00050         INCF INDIS2,F
001E   2817           00051         GOTO SOYISIM
                      00052 
001F   0008           00053         RETURN
                      00054 
0020                  00055 SET_DISPLAY
0020   3002           00056         MOVLW H'02'                     ;ÝMLEÇ 1.SATIR 1.SÜTUN KONUMUNDADIR.
0021   2029           00057         CALL KOMUT_YAZ
                      00058 
0022   3006           00059         MOVLW H'06'                     ;VERÝ YAZILIR, ÝMLEÇ BÝR SAÐA KONUMLANDIRILIR.
0023   2029           00060         CALL KOMUT_YAZ
                      00061 
0024   300C           00062         MOVLW H'0C'
0025   2029           00063         CALL KOMUT_YAZ
                      00064 
0026   3028           00065         MOVLW H'28'
0027   2029           00066         CALL KOMUT_YAZ
                      00067 
0028   0008           00068         RETURN
                      00069 
0029                  00070 KOMUT_YAZ
0029   00A2           00071         MOVWF LCD_DEGER
002A   0E22           00072         SWAPF LCD_DEGER,W
002B   390F           00073         ANDLW 0X0F
002C   0086           00074         MOVWF PORTB
002D   1206           00075         BCF PORTB,4
002E   1686           00076         BSF PORTB,5
                      00077 ;       CALL GECIKME
002F   1286           00078         BCF PORTB,5
                      00079 
0030   0822           00080         MOVF LCD_DEGER,W
0031   390F           00081         ANDLW 0X0F
0032   0086           00082         MOVWF PORTB
0033   1206           00083         BCF PORTB,4
0034   1686           00084         BSF PORTB,5
                      00085 ;       CALL GECIKME
0035   1286           00086         BCF PORTB,5
0036   0008           00087         RETURN
                      00088 
0037                  00089 VERI_YAZ
0037   00A2           00090         MOVWF LCD_DEGER
0038   0E22           00091         SWAPF LCD_DEGER,W
MPASM  5.51                   UYGULAMA-60.ASM   11-30-2018  15:59:03         PAGE  3


LOC  OBJECT CODE     LINE SOURCE TEXT
  VALUE

0039   390F           00092         ANDLW 0X0F
003A   0086           00093         MOVWF PORTB
003B   1606           00094         BSF PORTB,4
003C   1686           00095         BSF PORTB,5
                      00096 ;       CALL GECIKME
003D   1286           00097         BCF PORTB,5
                      00098 
003E   0822           00099         MOVF LCD_DEGER,W
003F   390F           00100         ANDLW 0X0F
0040   0086           00101         MOVWF PORTB
0041   1606           00102         BSF PORTB,4
0042   1686           00103         BSF PORTB,5
                      00104 ;       CALL GECIKME
0043   1286           00105         BCF PORTB,5
0044   0008           00106         RETURN
                      00107 
0045                  00108 TABLO1
0045   0782           00109         ADDWF PCL,F
0046   344E           00110         RETLW 'N'
0047   3449           00111         RETLW 'I'
0048   344C           00112         RETLW 'L'
0049   3441           00113         RETLW 'A'
004A   3459           00114         RETLW 'Y'
004B   3400           00115         RETLW 0X00
                      00116 
004C                  00117 TABLO2
004C   0782           00118         ADDWF PCL,F
004D   3441           00119         RETLW 'A'
004E   344C           00120         RETLW 'L'
004F   3454           00121         RETLW 'T'
0050   3455           00122         RETLW 'U'
0051   3447           00123         RETLW 'G'
0052   3400           00124         RETLW 0X00
                      00125 
                      00126 ;GECIKME
                      00127 ;       MOVLW D'60'
                      00128 ;       MOVWF SAYICI1
                      00129 
                      00130 ;TEKRAR1
                      00131 ;       MOVLW D'130'
                      00132 ;       MOVWF SAYICI2
                      00133 
                      00134 ;TEKRAR2
                      00135 ;       DECFSZ SAYICI2,F
                      00136 ;       GOTO TEKRAR2
                      00137 ;       DECFSZ SAYICI1,F
                      00138 ;       GOTO TEKRAR1
                      00139 ;       RETURN
                      00140 
0053                  00141 DONGU
0053   2853           00142         GOTO DONGU
                      00143 
Warning[205]: Found directive in column 1. (END)
MPASM  5.51                   UYGULAMA-60.ASM   11-30-2018  15:59:03         PAGE  4


LOC  OBJECT CODE     LINE SOURCE TEXT
  VALUE

                      00144 END
MPASM  5.51                   UYGULAMA-60.ASM   11-30-2018  15:59:03         PAGE  5


SYMBOL TABLE
  LABEL                             VALUE 

ACKDT                             00000005
ACKEN                             00000004
ACKSTAT                           00000006
ADCON0                            0000001F
ADCON1                            0000009F
ADCS0                             00000006
ADCS1                             00000007
ADCS2                             00000006
ADDEN                             00000003
ADFM                              00000007
ADIE                              00000006
ADIF                              00000006
ADON                              00000000
ADRESH                            0000001E
ADRESL                            0000009E
ANA_METOT                         00000001
BCLIE                             00000003
BCLIF                             00000003
BF                                00000000
BRGH                              00000002
C                                 00000000
C1INV                             00000004
C1OUT                             00000006
C2INV                             00000005
C2OUT                             00000007
CCP1CON                           00000017
CCP1IE                            00000002
CCP1IF                            00000002
CCP1M0                            00000000
CCP1M1                            00000001
CCP1M2                            00000002
CCP1M3                            00000003
CCP1X                             00000005
CCP1Y                             00000004
CCP2CON                           0000001D
CCP2IE                            00000000
CCP2IF                            00000000
CCP2M0                            00000000
CCP2M1                            00000001
CCP2M2                            00000002
CCP2M3                            00000003
CCP2X                             00000005
CCP2Y                             00000004
CCPR1                             00000015
CCPR1H                            00000016
CCPR1L                            00000015
CCPR2                             0000001B
CCPR2H                            0000001C
CCPR2L                            0000001B
CHS0                              00000003
CHS1                              00000004
CHS2                              00000005
CIS                               00000003
MPASM  5.51                   UYGULAMA-60.ASM   11-30-2018  15:59:03         PAGE  6


SYMBOL TABLE
  LABEL                             VALUE 

CKE                               00000006
CKP                               00000004
CM0                               00000000
CM1                               00000001
CM2                               00000002
CMCON                             0000009C
CMIE                              00000006
CMIF                              00000006
CREN                              00000004
CSRC                              00000007
CVR0                              00000000
CVR1                              00000001
CVR2                              00000002
CVR3                              00000003
CVRCON                            0000009D
CVREN                             00000007
CVROE                             00000006
CVRR                              00000005
D                                 00000005
DATA_ADDRESS                      00000005
DC                                00000001
DONGU                             00000053
D_A                               00000005
D_NOT_A                           00000005
EEADR                             0000010D
EEADRH                            0000010F
EECON1                            0000018C
EECON2                            0000018D
EEDATA                            0000010C
EEDATH                            0000010E
EEIE                              00000004
EEIF                              00000004
EEPGD                             00000007
F                                 00000001
FERR                              00000002
FSR                               00000004
GCEN                              00000007
GIE                               00000007
GO                                00000002
GO_DONE                           00000002
GO_NOT_DONE                       00000002
I2C_DATA                          00000005
I2C_READ                          00000002
I2C_START                         00000003
I2C_STOP                          00000004
IBF                               00000007
IBOV                              00000005
INDF                              00000000
INDIS1                            00000023
INDIS2                            00000024
INTCON                            0000000B
INTE                              00000004
INTEDG                            00000006
MPASM  5.51                   UYGULAMA-60.ASM   11-30-2018  15:59:03         PAGE  7


SYMBOL TABLE
  LABEL                             VALUE 

INTF                              00000001
IRP                               00000007
ISIM                              0000000C
KOMUT_YAZ                         00000029
KONUM1                            0000000A
KONUM2                            00000015
LCD_DEGER                         00000022
NOT_A                             00000005
NOT_ADDRESS                       00000005
NOT_BO                            00000000
NOT_BOR                           00000000
NOT_DONE                          00000002
NOT_PD                            00000003
NOT_POR                           00000001
NOT_RBPU                          00000007
NOT_RC8                           00000006
NOT_T1SYNC                        00000002
NOT_TO                            00000004
NOT_TX8                           00000006
NOT_W                             00000002
NOT_WRITE                         00000002
OBF                               00000006
OERR                              00000001
OPTION_REG                        00000081
P                                 00000004
PCFG0                             00000000
PCFG1                             00000001
PCFG2                             00000002
PCFG3                             00000003
PCL                               00000002
PCLATH                            0000000A
PCON                              0000008E
PEIE                              00000006
PEN                               00000002
PIE1                              0000008C
PIE2                              0000008D
PIR1                              0000000C
PIR2                              0000000D
PORTA                             00000005
PORTB                             00000006
PORTC                             00000007
PORTD                             00000008
PORTE                             00000009
PR2                               00000092
PS0                               00000000
PS1                               00000001
PS2                               00000002
PSA                               00000003
PSPIE                             00000007
PSPIF                             00000007
PSPMODE                           00000004
R                                 00000002
RA0                               00000000
MPASM  5.51                   UYGULAMA-60.ASM   11-30-2018  15:59:03         PAGE  8


SYMBOL TABLE
  LABEL                             VALUE 

RA1                               00000001
RA2                               00000002
RA3                               00000003
RA4                               00000004
RA5                               00000005
RB0                               00000000
RB1                               00000001
RB2                               00000002
RB3                               00000003
RB4                               00000004
RB5                               00000005
RB6                               00000006
RB7                               00000007
RBIE                              00000003
RBIF                              00000000
RC0                               00000000
RC1                               00000001
RC2                               00000002
RC3                               00000003
RC4                               00000004
RC5                               00000005
RC6                               00000006
RC7                               00000007
RC8_9                             00000006
RC9                               00000006
RCD8                              00000000
RCEN                              00000003
RCIE                              00000005
RCIF                              00000005
RCREG                             0000001A
RCSTA                             00000018
RD                                00000000
RD0                               00000000
RD1                               00000001
RD2                               00000002
RD3                               00000003
RD4                               00000004
RD5                               00000005
RD6                               00000006
RD7                               00000007
RE0                               00000000
RE1                               00000001
RE2                               00000002
READ_WRITE                        00000002
RP0                               00000005
RP1                               00000006
RSEN                              00000001
RX9                               00000006
RX9D                              00000000
R_NOT_W                           00000002
R_W                               00000002
S                                 00000003
SAYICI1                           00000020
MPASM  5.51                   UYGULAMA-60.ASM   11-30-2018  15:59:03         PAGE  9


SYMBOL TABLE
  LABEL                             VALUE 

SAYICI2                           00000021
SEN                               00000000
SET_DISPLAY                       00000020
SMP                               00000007
SOYISIM                           00000017
SPBRG                             00000099
SPEN                              00000007
SREN                              00000005
SSPADD                            00000093
SSPBUF                            00000013
SSPCON                            00000014
SSPCON2                           00000091
SSPEN                             00000005
SSPIE                             00000003
SSPIF                             00000003
SSPM0                             00000000
SSPM1                             00000001
SSPM2                             00000002
SSPM3                             00000003
SSPOV                             00000006
SSPSTAT                           00000094
STATUS                            00000003
SYNC                              00000004
T0CS                              00000005
T0IE                              00000005
T0IF                              00000002
T0SE                              00000004
T1CKPS0                           00000004
T1CKPS1                           00000005
T1CON                             00000010
T1INSYNC                          00000002
T1OSCEN                           00000003
T1SYNC                            00000002
T2CKPS0                           00000000
T2CKPS1                           00000001
T2CON                             00000012
TABLO1                            00000045
TABLO2                            0000004C
TMR0                              00000001
TMR0IE                            00000005
TMR0IF                            00000002
TMR1                              0000000E
TMR1CS                            00000001
TMR1H                             0000000F
TMR1IE                            00000000
TMR1IF                            00000000
TMR1L                             0000000E
TMR1ON                            00000000
TMR2                              00000011
TMR2IE                            00000001
TMR2IF                            00000001
TMR2ON                            00000002
TOUTPS0                           00000003
MPASM  5.51                   UYGULAMA-60.ASM   11-30-2018  15:59:03         PAGE 10


SYMBOL TABLE
  LABEL                             VALUE 

TOUTPS1                           00000004
TOUTPS2                           00000005
TOUTPS3                           00000006
TRISA                             00000085
TRISA0                            00000000
TRISA1                            00000001
TRISA2                            00000002
TRISA3                            00000003
TRISA4                            00000004
TRISA5                            00000005
TRISB                             00000086
TRISB0                            00000000
TRISB1                            00000001
TRISB2                            00000002
TRISB3                            00000003
TRISB4                            00000004
TRISB5                            00000005
TRISB6                            00000006
TRISB7                            00000007
TRISC                             00000087
TRISC0                            00000000
TRISC1                            00000001
TRISC2                            00000002
TRISC3                            00000003
TRISC4                            00000004
TRISC5                            00000005
TRISC6                            00000006
TRISC7                            00000007
TRISD                             00000088
TRISD0                            00000000
TRISD1                            00000001
TRISD2                            00000002
TRISD3                            00000003
TRISD4                            00000004
TRISD5                            00000005
TRISD6                            00000006
TRISD7                            00000007
TRISE                             00000089
TRISE0                            00000000
TRISE1                            00000001
TRISE2                            00000002
TRMT                              00000001
TX8_9                             00000006
TX9                               00000006
TX9D                              00000000
TXD8                              00000000
TXEN                              00000005
TXIE                              00000004
TXIF                              00000004
TXREG                             00000019
TXSTA                             00000098
UA                                00000001
VERI_YAZ                          00000037
MPASM  5.51                   UYGULAMA-60.ASM   11-30-2018  15:59:03         PAGE 11


SYMBOL TABLE
  LABEL                             VALUE 

W                                 00000000
WCOL                              00000007
WR                                00000001
WREN                              00000002
WRERR                             00000003
Z                                 00000002
_BODEN_OFF                        00003FBF
_BODEN_ON                         00003FFF
_BOREN_OFF                        00003FBF
_BOREN_ON                         00003FFF
_CONFIG                           00002007
_CPD_OFF                          00003FFF
_CPD_ON                           00003EFF
_CP_ALL                           00001FFF
_CP_OFF                           00003FFF
_CP_ON                            00001FFF
_DEBUG_OFF                        00003FFF
_DEBUG_ON                         000037FF
_DEVID1                           00002006
_FOSC_EXTRC                       00003FFF
_FOSC_HS                          00003FFE
_FOSC_LP                          00003FFC
_FOSC_XT                          00003FFD
_HS_OSC                           00003FFE
_IDLOC0                           00002000
_IDLOC1                           00002001
_IDLOC2                           00002002
_IDLOC3                           00002003
_LP_OSC                           00003FFC
_LVP_OFF                          00003F7F
_LVP_ON                           00003FFF
_PWRTE_OFF                        00003FFF
_PWRTE_ON                         00003FF7
_RC_OSC                           00003FFF
_WDTE_OFF                         00003FFB
_WDTE_ON                          00003FFF
_WDT_OFF                          00003FFB
_WDT_ON                           00003FFF
_WRT_1FOURTH                      00003BFF
_WRT_256                          00003DFF
_WRT_HALF                         000039FF
_WRT_OFF                          00003FFF
_XT_OSC                           00003FFD
__16F877A                         00000001
__DEBUG                           1
MPASM  5.51                   UYGULAMA-60.ASM   11-30-2018  15:59:03         PAGE 12


MEMORY USAGE MAP ('X' = Used,  '-' = Unused)


0000 : XXXXXXXXXXXXXXXX XXXXXXXXXXXXXXXX XXXXXXXXXXXXXXXX XXXXXXXXXXXXXXXX
0040 : XXXXXXXXXXXXXXXX XXXX------------ ---------------- ----------------

All other memory blocks unused.

Program Memory Words Used:    84
Program Memory Words Free:  8108


Errors   :     0
Warnings :     6 reported,     0 suppressed
Messages :     1 reported,     0 suppressed

